#
# There is insufficient memory for the Java Runtime Environment to continue.
# Native memory allocation (malloc) failed to allocate 1048576 bytes for AllocateHeap
# Possible reasons:
#   The system is out of physical RAM or swap space
#   The process is running with CompressedOops enabled, and the Java Heap may be blocking the growth of the native heap
# Possible solutions:
#   Reduce memory load on the system
#   Increase physical memory or swap space
#   Check if swap backing store is full
#   Decrease Java heap size (-Xmx/-Xms)
#   Decrease number of Java threads
#   Decrease Java thread stack sizes (-Xss)
#   Set larger code cache with -XX:ReservedCodeCacheSize=
#   JVM is running with Unscaled Compressed Oops mode in which the Java heap is
#     placed in the first 4GB address space. The Java Heap base address is the
#     maximum limit for the native heap growth. Please use -XX:HeapBaseMinAddress
#     to set the Java Heap base and to place the Java Heap above 4GB virtual address.
# This output file may be truncated or incomplete.
#
#  Out of Memory Error (allocation.cpp:44), pid=17468, tid=12844
#
# JRE version:  (17.0.1+12) (build )
# Java VM: OpenJDK 64-Bit Server VM (17.0.1+12, mixed mode, tiered, compressed oops, compressed class ptrs, parallel gc, windows-amd64)
# No core dump will be written. Minidumps are not enabled by default on client versions of Windows
#

---------------  S U M M A R Y ------------

Command Line: --add-modules=ALL-SYSTEM --add-opens=java.base/java.util=ALL-UNNAMED --add-opens=java.base/java.lang=ALL-UNNAMED -Declipse.application=org.eclipse.jdt.ls.core.id1 -Dosgi.bundles.defaultStartLevel=4 -Declipse.product=org.eclipse.jdt.ls.core.product -Djava.import.generatesMetadataFilesAtProjectRoot=false -Dfile.encoding=utf8 -DwatchParentProcess=false -XX:+UseParallelGC -XX:GCTimeRatio=4 -XX:AdaptiveSizePolicyWeight=90 -Dsun.zip.disableMemoryMapping=true -Xmx1G -Xms100m c:\Users\81908\.vscode\extensions\redhat.java-1.2.0\server\plugins\org.eclipse.equinox.launcher_1.6.400.v20210924-0641.jar -configuration c:\Users\81908\AppData\Roaming\Code\User\globalStorage\redhat.java\1.2.0\config_ss_win -data c:\Users\81908\AppData\Roaming\Code\User\workspaceStorage\c250b6f3e98b2d74f985601bc161db86\redhat.java\ss_ws

Host: Intel(R) Core(TM) i5-8250U CPU @ 1.60GHz, 8 cores, 7G,  Windows 10 , 64 bit Build 19041 (10.0.19041.1348)
Time: Mon Jan  3 00:10:04 2022  Windows 10 , 64 bit Build 19041 (10.0.19041.1348) elapsed time: 0.177245 seconds (0d 0h 0m 0s)

---------------  T H R E A D  ---------------

Current thread (0x000002421485afe0):  JavaThread "Unknown thread" [_thread_in_vm, id=12844, stack(0x0000008051f00000,0x0000008052000000)]

Stack: [0x0000008051f00000,0x0000008052000000]
Native frames: (J=compiled Java code, j=interpreted, Vv=VM code, C=native code)
V  [jvm.dll+0x6744da]
V  [jvm.dll+0x82e144]
V  [jvm.dll+0x82f8ee]
V  [jvm.dll+0x82ff53]
V  [jvm.dll+0x245175]
V  [jvm.dll+0xa5e73]
V  [jvm.dll+0x6a68ea]
V  [jvm.dll+0x6a75af]
V  [jvm.dll+0x680ba3]
V  [jvm.dll+0x800508]
V  [jvm.dll+0x368d14]
V  [jvm.dll+0x7df2cc]
V  [jvm.dll+0x3eb59f]
V  [jvm.dll+0x3ed121]
C  [jli.dll+0x5277]
C  [ucrtbase.dll+0x21bb2]
C  [KERNEL32.DLL+0x17034]
C  [ntdll.dll+0x52651]


---------------  P R O C E S S  ---------------

Threads class SMR info:
_java_thread_list=0x00007ff8a9fb4e58, length=0, elements={
}

Java Threads: ( => current thread )

Other Threads:
  0x00000242148711b0 GCTaskThread "GC Thread#0" [stack: 0x0000008052000000,0x0000008052100000] [id=17548]

=>0x000002421485afe0 (exited) JavaThread "Unknown thread" [_thread_in_vm, id=12844, stack(0x0000008051f00000,0x0000008052000000)]

Threads with active compile tasks:

VM state: not at safepoint (normal execution)

VM Mutex/Monitor currently owned by a thread: None

Heap address: 0x00000000c0000000, size: 1024 MB, Compressed Oops mode: 32-bit

CDS archive(s) not mapped
Compressed class space mapped at: 0x0000000100000000-0x0000000140000000, reserved size: 1073741824
Narrow klass base: 0x0000000000000000, Narrow klass shift: 3, Narrow klass range: 0x140000000

GC Precious Log:
 CPUs: 8 total, 8 available
 Memory: 8118M
 Large Page Support: Disabled
 NUMA Support: Disabled
 Compressed Oops: Enabled (32-bit)
 Alignments: Space 512K, Generation 512K, Heap 2M
 Heap Min Capacity: 100M
 Heap Initial Capacity: 100M
 Heap Max Capacity: 1G
 Pre-touch: Disabled
 Parallel Workers: 8

Heap:
 PSYoungGen      total 29696K, used 512K [0x00000000eab00000, 0x00000000ecc00000, 0x0000000100000000)
  eden space 25600K, 2% used [0x00000000eab00000,0x00000000eab80070,0x00000000ec400000)
  from space 4096K, 0% used [0x00000000ec800000,0x00000000ec800000,0x00000000ecc00000)
  to   space 4096K, 0% used [0x00000000ec400000,0x00000000ec400000,0x00000000ec800000)
 ParOldGen       total 68608K, used 0K [0x00000000c0000000, 0x00000000c4300000, 0x00000000eab00000)
  object space 68608K, 0% used [0x00000000c0000000,0x00000000c0000000,0x00000000c4300000)
 Metaspace       used 1148K, committed 1216K, reserved 1056768K
  class space    used 101K, committed 128K, reserved 1048576K

Card table byte_map: [0x0000024214120000,0x0000024214330000] _byte_map_base: 0x0000024213b20000

Marking Bits: (ParMarkBitMap*) 0x00007ff8aa022a60
 Begin Bits: [0x00000242264e0000, 0x00000242274e0000)
 End Bits:   [0x00000242274e0000, 0x00000242284e0000)

Polling page: 0x0000024212610000

Metaspace:

Usage:
  Non-class:      1.02 MB used.
      Class:    101.00 KB used.
       Both:      1.12 MB used.

Virtual space:
  Non-class space:        8.00 MB reserved,       1.06 MB ( 13%) committed,  1 nodes.
      Class space:        1.00 GB reserved,     128.00 KB ( <1%) committed,  1 nodes.
             Both:        1.01 GB reserved,       1.19 MB ( <1%) committed. 

Chunk freelists:
   Non-Class:  0 bytes
       Class:  3.75 MB
        Both:  3.75 MB

MaxMetaspaceSize: unlimited
CompressedClassSpaceSize: 1.00 GB
Initial GC threshold: 21.00 MB
Current GC threshold: 17179869184.00 GB
CDS: off
MetaspaceReclaimPolicy: balanced
 - commit_granule_bytes: 65536.
 - commit_granule_words: 8192.
 - virtual_space_node_default_size: 1048576.
 - enlarge_chunks_in_place: 1.
 - new_chunks_are_fully_committed: 0.
 - uncommit_free_chunks: 1.
 - use_allocation_guard: 0.
 - handle_deallocations: 1.


Internal statistics:

num_allocs_failed_limit: 0.
num_arena_births: 2.
num_arena_deaths: 0.
num_vsnodes_births: 2.
num_vsnodes_deaths: 0.
num_space_committed: 19.
num_space_uncommitted: 0.
num_chunks_returned_to_freelist: 0.
num_chunks_taken_from_freelist: 3.
num_chunk_merges: 0.
num_chunk_splits: 1.
num_chunks_enlarged: 0.
num_purges: 0.
num_inconsistent_stats: 0.

CodeHeap 'non-profiled nmethods': size=120000Kb used=0Kb max_used=0Kb free=120000Kb
 bounds [0x000002421efb0000, 0x000002421f220000, 0x00000242264e0000]
CodeHeap 'profiled nmethods': size=120000Kb used=0Kb max_used=0Kb free=120000Kb
 bounds [0x0000024217a80000, 0x0000024217cf0000, 0x000002421efb0000]
CodeHeap 'non-nmethods': size=5760Kb used=202Kb max_used=335Kb free=5557Kb
 bounds [0x00000242174e0000, 0x0000024217750000, 0x0000024217a80000]
 total_blobs=66 nmethods=0 adapters=47
 compilation: enabled
              stopped_count=0, restarted_count=0
 full_count=0

Compilation events (0 events):
No events

GC Heap History (0 events):
No events

Deoptimization events (0 events):
No events

Classes unloaded (0 events):
No events

Classes redefined (0 events):
No events

Internal exceptions (0 events):
No events

VM Operations (0 events):
No events

Events (20 events):
Event: 0.151 loading class java/lang/Long
Event: 0.151 loading class java/lang/Long done
Event: 0.151 loading class java/util/Iterator
Event: 0.151 loading class java/util/Iterator done
Event: 0.151 loading class java/lang/reflect/RecordComponent
Event: 0.151 loading class java/lang/reflect/RecordComponent done
Event: 0.151 loading class jdk/internal/vm/vector/VectorSupport
Event: 0.152 loading class jdk/internal/vm/vector/VectorSupport done
Event: 0.152 loading class jdk/internal/vm/vector/VectorSupport$VectorPayload
Event: 0.152 loading class jdk/internal/vm/vector/VectorSupport$VectorPayload done
Event: 0.152 loading class jdk/internal/vm/vector/VectorSupport$Vector
Event: 0.153 loading class jdk/internal/vm/vector/VectorSupport$Vector done
Event: 0.153 loading class jdk/internal/vm/vector/VectorSupport$VectorMask
Event: 0.153 loading class jdk/internal/vm/vector/VectorSupport$VectorMask done
Event: 0.153 loading class jdk/internal/vm/vector/VectorSupport$VectorShuffle
Event: 0.153 loading class jdk/internal/vm/vector/VectorSupport$VectorShuffle done
Event: 0.160 loading class java/lang/NullPointerException
Event: 0.160 loading class java/lang/NullPointerException done
Event: 0.160 loading class java/lang/ArithmeticException
Event: 0.160 loading class java/lang/ArithmeticException done


Dynamic libraries:
0x00007ff612340000 - 0x00007ff61234e000 	c:\Users\81908\.vscode\extensions\redhat.java-1.2.0\jre\17.0.1-win32-x86_64\bin\java.exe
0x00007ff918890000 - 0x00007ff918a85000 	C:\WINDOWS\SYSTEM32\ntdll.dll
0x00007ff916bf0000 - 0x00007ff916cae000 	C:\WINDOWS\System32\KERNEL32.DLL
0x00007ff9162f0000 - 0x00007ff9165b8000 	C:\WINDOWS\System32\KERNELBASE.dll
0x00007ff9167b0000 - 0x00007ff9168b0000 	C:\WINDOWS\System32\ucrtbase.dll
0x00007ff911820000 - 0x00007ff911839000 	c:\Users\81908\.vscode\extensions\redhat.java-1.2.0\jre\17.0.1-win32-x86_64\bin\VCRUNTIME140.dll
0x00007ff910bc0000 - 0x00007ff910bd8000 	c:\Users\81908\.vscode\extensions\redhat.java-1.2.0\jre\17.0.1-win32-x86_64\bin\jli.dll
0x00007ff917920000 - 0x00007ff917ac1000 	C:\WINDOWS\System32\USER32.dll
0x00007ff916780000 - 0x00007ff9167a2000 	C:\WINDOWS\System32\win32u.dll
0x00007ff917ad0000 - 0x00007ff917afb000 	C:\WINDOWS\System32\GDI32.dll
0x00007ff9165c0000 - 0x00007ff9166cb000 	C:\WINDOWS\System32\gdi32full.dll
0x00007ff916090000 - 0x00007ff91612d000 	C:\WINDOWS\System32\msvcp_win.dll
0x00007ff8f9540000 - 0x00007ff8f97da000 	C:\WINDOWS\WinSxS\amd64_microsoft.windows.common-controls_6595b64144ccf1df_6.0.19041.1110_none_60b5254171f9507e\COMCTL32.dll
0x00007ff916de0000 - 0x00007ff916e7e000 	C:\WINDOWS\System32\msvcrt.dll
0x00007ff916cb0000 - 0x00007ff916ce0000 	C:\WINDOWS\System32\IMM32.DLL
0x00007ff8e9010000 - 0x00007ff8e903b000 	C:\Program Files (x86)\K7 Computing\K7TSecurity\K7CrvrEx64.dll
0x00007ff9134a0000 - 0x00007ff9134ac000 	c:\Users\81908\.vscode\extensions\redhat.java-1.2.0\jre\17.0.1-win32-x86_64\bin\vcruntime140_1.dll
0x00007ff8dc200000 - 0x00007ff8dc291000 	c:\Users\81908\.vscode\extensions\redhat.java-1.2.0\jre\17.0.1-win32-x86_64\bin\msvcp140.dll
0x00007ff8a94a0000 - 0x00007ff8aa0e6000 	c:\Users\81908\.vscode\extensions\redhat.java-1.2.0\jre\17.0.1-win32-x86_64\bin\server\jvm.dll
0x00007ff916940000 - 0x00007ff9169ec000 	C:\WINDOWS\System32\ADVAPI32.dll
0x00007ff916ce0000 - 0x00007ff916d7b000 	C:\WINDOWS\System32\sechost.dll
0x00007ff9177f0000 - 0x00007ff91791a000 	C:\WINDOWS\System32\RPCRT4.dll
0x00007ff917700000 - 0x00007ff917708000 	C:\WINDOWS\System32\PSAPI.DLL
0x00007ff900370000 - 0x00007ff900379000 	C:\WINDOWS\SYSTEM32\WSOCK32.dll
0x00007ff9174e0000 - 0x00007ff91754b000 	C:\WINDOWS\System32\WS2_32.dll
0x00007ff903080000 - 0x00007ff9030a7000 	C:\WINDOWS\SYSTEM32\WINMM.dll
0x00007ff90e830000 - 0x00007ff90e83a000 	C:\WINDOWS\SYSTEM32\VERSION.dll
0x00007ff9147f0000 - 0x00007ff914802000 	C:\WINDOWS\SYSTEM32\kernel.appcore.dll
0x00007ff911810000 - 0x00007ff91181a000 	c:\Users\81908\.vscode\extensions\redhat.java-1.2.0\jre\17.0.1-win32-x86_64\bin\jimage.dll
0x00007ff9145e0000 - 0x00007ff9147c4000 	C:\WINDOWS\SYSTEM32\DBGHELP.DLL
0x00007ff900390000 - 0x00007ff9003bc000 	C:\WINDOWS\SYSTEM32\dbgcore.DLL
0x00007ff915fb0000 - 0x00007ff916033000 	C:\WINDOWS\System32\bcryptPrimitives.dll
0x00007ff910b90000 - 0x00007ff910bb5000 	c:\Users\81908\.vscode\extensions\redhat.java-1.2.0\jre\17.0.1-win32-x86_64\bin\java.dll
0x00007ff9108f0000 - 0x00007ff910908000 	c:\Users\81908\.vscode\extensions\redhat.java-1.2.0\jre\17.0.1-win32-x86_64\bin\zip.dll

dbghelp: loaded successfully - version: 4.0.5 - missing functions: none
symbol engine: initialized successfully - sym options: 0x614 - pdb path: .;c:\Users\81908\.vscode\extensions\redhat.java-1.2.0\jre\17.0.1-win32-x86_64\bin;C:\WINDOWS\SYSTEM32;C:\WINDOWS\WinSxS\amd64_microsoft.windows.common-controls_6595b64144ccf1df_6.0.19041.1110_none_60b5254171f9507e;C:\Program Files (x86)\K7 Computing\K7TSecurity;c:\Users\81908\.vscode\extensions\redhat.java-1.2.0\jre\17.0.1-win32-x86_64\bin\server

VM Arguments:
jvm_args: --add-modules=ALL-SYSTEM --add-opens=java.base/java.util=ALL-UNNAMED --add-opens=java.base/java.lang=ALL-UNNAMED -Declipse.application=org.eclipse.jdt.ls.core.id1 -Dosgi.bundles.defaultStartLevel=4 -Declipse.product=org.eclipse.jdt.ls.core.product -Djava.import.generatesMetadataFilesAtProjectRoot=false -Dfile.encoding=utf8 -DwatchParentProcess=false -XX:+UseParallelGC -XX:GCTimeRatio=4 -XX:AdaptiveSizePolicyWeight=90 -Dsun.zip.disableMemoryMapping=true -Xmx1G -Xms100m 
java_command: c:\Users\81908\.vscode\extensions\redhat.java-1.2.0\server\plugins\org.eclipse.equinox.launcher_1.6.400.v20210924-0641.jar -configuration c:\Users\81908\AppData\Roaming\Code\User\globalStorage\redhat.java\1.2.0\config_ss_win -data c:\Users\81908\AppData\Roaming\Code\User\workspaceStorage\c250b6f3e98b2d74f985601bc161db86\redhat.java\ss_ws
java_class_path (initial): c:\Users\81908\.vscode\extensions\redhat.java-1.2.0\server\plugins\org.eclipse.equinox.launcher_1.6.400.v20210924-0641.jar
Launcher Type: SUN_STANDARD

[Global flags]
    uintx AdaptiveSizePolicyWeight                 = 90                                        {product} {command line}
     intx CICompilerCount                          = 4                                         {product} {ergonomic}
    uintx GCTimeRatio                              = 4                                         {product} {command line}
   size_t InitialHeapSize                          = 104857600                                 {product} {command line}
   size_t MaxHeapSize                              = 1073741824                                {product} {command line}
   size_t MaxNewSize                               = 357564416                                 {product} {ergonomic}
   size_t MinHeapDeltaBytes                        = 524288                                    {product} {ergonomic}
   size_t MinHeapSize                              = 104857600                                 {product} {command line}
   size_t NewSize                                  = 34603008                                  {product} {ergonomic}
    uintx NonNMethodCodeHeapSize                   = 5839372                                {pd product} {ergonomic}
    uintx NonProfiledCodeHeapSize                  = 122909434                              {pd product} {ergonomic}
   size_t OldSize                                  = 70254592                                  {product} {ergonomic}
    uintx ProfiledCodeHeapSize                     = 122909434                              {pd product} {ergonomic}
    uintx ReservedCodeCacheSize                    = 251658240                              {pd product} {ergonomic}
     bool SegmentedCodeCache                       = true                                      {product} {ergonomic}
   size_t SoftMaxHeapSize                          = 1073741824                             {manageable} {ergonomic}
     bool UseCompressedClassPointers               = true                           {product lp64_product} {ergonomic}
     bool UseCompressedOops                        = true                           {product lp64_product} {ergonomic}
     bool UseLargePagesIndividualAllocation        = false                                  {pd product} {ergonomic}
     bool UseParallelGC                            = true                                      {product} {command line}

Logging:
Log output configuration:
 #0: stdout all=warning uptime,level,tags
 #1: stderr all=off uptime,level,tags

Environment Variables:
JAVA_HOME=C:\Program Files\AdoptOpenJDK\jdk-11.0.8.10-hotspot\
PATH=C:\ProgramData\Anaconda3;C:\ProgramData\Anaconda3\Library\mingw-w64\bin;C:\ProgramData\Anaconda3\Library\usr\bin;C:\ProgramData\Anaconda3\Library\bin;C:\ProgramData\Anaconda3\Scripts;C:\Program Files\AdoptOpenJDK\jdk-11.0.8.10-hotspot\bin;C:\WINDOWS\system32;C:\WINDOWS;C:\WINDOWS\System32\Wbem;C:\WINDOWS\System32\WindowsPowerShell\v1.0\;C:\WINDOWS\System32\OpenSSH\;C:\Program Files\Intel\WiFi\bin\;C:\Program Files\Common Files\Intel\WirelessCommon\;C:\Program Files\Git\cmd;C:\apache-maven-3.6.3\bin;C:\xampp\php;C:\HashiCorp\Vagrant\bin;C:\ProgramData\ComposerSetup\bin;C:\ProgramData\chocolatey\bin;C:\Program Files (x86)\IVI Foundation\VISA\WinNT\Bin\;C:\Program Files\IVI Foundation\VISA\Win64\Bin\;C:\Program Files\Amazon\AWSCLIV2\;C:\Program Files\Docker\Docker\resources\bin;C:\ProgramData\DockerDesktop\version-bin;C:\Program Files\nodejs\;C:\Users\81908\AppData\Local\Microsoft\WindowsApps;C:\Users\81908\AppData\Local\Programs\Microsoft VS Code\bin;C:\MinGW\bin;C:\apache-maven-3.6.3-bin\apache-maven-3.6.3\bin;C:\Users\81908\Anaconda3;C:\Users\81908\Anaconda3\Scripts;C:\Users\81908\Anaconda3\Library\bin;C:\xampp\php;C:\Program Files\heroku\bin;C:\Users\81908\AppData\Local\Google\Cloud SDK\google-cloud-sdk\bin;C:\Users\81908\AppData\Roaming\Composer\vendor\bin;C:\Users\81908\.pyenv\pyenv-win\bin;C:\Users\81908\.pyenv\pyenv-win\shims;D:\flutter\bin;C:\Users\81908\AppData\Roaming\npm
USERNAME=81908
OS=Windows_NT
PROCESSOR_IDENTIFIER=Intel64 Family 6 Model 142 Stepping 10, GenuineIntel



---------------  S Y S T E M  ---------------

OS:
 Windows 10 , 64 bit Build 19041 (10.0.19041.1348)
OS uptime: 1 days 7:30 hours
Hyper-V role detected

CPU: total 8 (initial active 8) (4 cores per cpu, 2 threads per core) family 6 model 142 stepping 10 microcode 0xb4, cx8, cmov, fxsr, ht, mmx, 3dnowpref, sse, sse2, sse3, ssse3, sse4.1, sse4.2, popcnt, lzcnt, tsc, tscinvbit, avx, avx2, aes, erms, clmul, bmi1, bmi2, adx, fma, vzeroupper, clflush, clflushopt, hv

Memory: 4k page, system-wide physical 8118M (636M free)
TotalPageFile size 10038M (AvailPageFile size 3M)
current process WorkingSet (physical memory assigned to process): 15M, peak: 15M
current process commit charge ("private bytes"): 161M, peak: 162M

vm_info: OpenJDK 64-Bit Server VM (17.0.1+12) for windows-amd64 JRE (17.0.1+12), built on Oct 20 2021 07:42:55 by "" with MS VC++ 16.7 (VS2019)

END.
